This file contains any messages produced by compilers while
running configure, to aid debugging if configure makes a mistake.

It was created by libasprintf configure 1.0, which was
generated by GNU Autoconf 2.69.  Invocation command line was

  $ ./configure --disable-option-checking --prefix=/tmp/gettext --cache-file=/dev/null --srcdir=.

## --------- ##
## Platform. ##
## --------- ##

hostname = fv-az275-816
uname -m = x86_64
uname -r = 5.15.0-1022-azure
uname -s = Linux
uname -v = #27~20.04.1-Ubuntu SMP Mon Oct 17 02:03:50 UTC 2022

/usr/bin/uname -p = x86_64
/bin/uname -X     = unknown

/bin/arch              = x86_64
/usr/bin/arch -k       = unknown
/usr/convex/getsysinfo = unknown
/usr/bin/hostinfo      = unknown
/bin/machine           = unknown
/usr/bin/oslevel       = unknown
/bin/universe          = unknown

PATH: /home/runner/.local/bin
PATH: /opt/pipx_bin
PATH: /home/runner/.cargo/bin
PATH: /home/runner/.config/composer/vendor/bin
PATH: /usr/local/.ghcup/bin
PATH: /home/runner/.dotnet/tools
PATH: /snap/bin
PATH: /usr/local/sbin
PATH: /usr/local/bin
PATH: /usr/sbin
PATH: /usr/bin
PATH: /sbin
PATH: /bin
PATH: /usr/games
PATH: /usr/local/games
PATH: /snap/bin


## ----------- ##
## Core tests. ##
## ----------- ##

configure:2706: checking for a BSD-compatible install
configure:2774: result: /usr/bin/install -c
configure:2785: checking whether build environment is sane
configure:2840: result: yes
configure:2989: checking for a thread-safe mkdir -p
configure:3028: result: /usr/bin/mkdir -p
configure:3035: checking for gawk
configure:3051: found /usr/bin/gawk
configure:3062: result: gawk
configure:3073: checking whether make sets $(MAKE)
configure:3095: result: yes
configure:3124: checking whether make supports nested variables
configure:3141: result: yes
configure:3318: checking for gcc
configure:3334: found /usr/bin/gcc
configure:3345: result: gcc
configure:3574: checking for C compiler version
configure:3583: gcc --version >&5
gcc (Ubuntu 9.4.0-1ubuntu1~20.04.1) 9.4.0
Copyright (C) 2019 Free Software Foundation, Inc.
This is free software; see the source for copying conditions.  There is NO
warranty; not even for MERCHANTABILITY or FITNESS FOR A PARTICULAR PURPOSE.

configure:3594: $? = 0
configure:3583: gcc -v >&5
Using built-in specs.
COLLECT_GCC=gcc
COLLECT_LTO_WRAPPER=/usr/lib/gcc/x86_64-linux-gnu/9/lto-wrapper
OFFLOAD_TARGET_NAMES=nvptx-none:hsa
OFFLOAD_TARGET_DEFAULT=1
Target: x86_64-linux-gnu
Configured with: ../src/configure -v --with-pkgversion='Ubuntu 9.4.0-1ubuntu1~20.04.1' --with-bugurl=file:///usr/share/doc/gcc-9/README.Bugs --enable-languages=c,ada,c++,go,brig,d,fortran,objc,obj-c++,gm2 --prefix=/usr --with-gcc-major-version-only --program-suffix=-9 --program-prefix=x86_64-linux-gnu- --enable-shared --enable-linker-build-id --libexecdir=/usr/lib --without-included-gettext --enable-threads=posix --libdir=/usr/lib --enable-nls --enable-clocale=gnu --enable-libstdcxx-debug --enable-libstdcxx-time=yes --with-default-libstdcxx-abi=new --enable-gnu-unique-object --disable-vtable-verify --enable-plugin --enable-default-pie --with-system-zlib --with-target-system-zlib=auto --enable-objc-gc=auto --enable-multiarch --disable-werror --with-arch-32=i686 --with-abi=m64 --with-multilib-list=m32,m64,mx32 --enable-multilib --with-tune=generic --enable-offload-targets=nvptx-none=/build/gcc-9-Av3uEd/gcc-9-9.4.0/debian/tmp-nvptx/usr,hsa --without-cuda-driver --enable-checking=release --build=x86_64-linux-gnu --host=x86_64-linux-gnu --target=x86_64-linux-gnu
Thread model: posix
gcc version 9.4.0 (Ubuntu 9.4.0-1ubuntu1~20.04.1) 
configure:3594: $? = 0
configure:3583: gcc -V >&5
gcc: error: unrecognized command line option '-V'
gcc: fatal error: no input files
compilation terminated.
configure:3594: $? = 1
configure:3583: gcc -qversion >&5
gcc: error: unrecognized command line option '-qversion'; did you mean '--version'?
gcc: fatal error: no input files
compilation terminated.
configure:3594: $? = 1
configure:3614: checking whether the C compiler works
configure:3636: gcc    conftest.c  >&5
configure:3640: $? = 0
configure:3688: result: yes
configure:3691: checking for C compiler default output file name
configure:3693: result: a.out
configure:3699: checking for suffix of executables
configure:3706: gcc -o conftest    conftest.c  >&5
configure:3710: $? = 0
configure:3732: result: 
configure:3754: checking whether we are cross compiling
configure:3762: gcc -o conftest    conftest.c  >&5
configure:3766: $? = 0
configure:3773: ./conftest
configure:3777: $? = 0
configure:3765: result: no
configure:3770: checking for suffix of object files
configure:3792: gcc -c   conftest.c >&5
configure:3796: $? = 0
configure:3817: result: o
configure:3821: checking whether we are using the GNU C compiler
configure:3840: gcc -c   conftest.c >&5
configure:3840: $? = 0
configure:3849: result: yes
configure:3858: checking whether gcc accepts -g
configure:3878: gcc -c -g  conftest.c >&5
configure:3878: $? = 0
configure:3919: result: yes
configure:3936: checking for gcc option to accept ISO C89
configure:3999: gcc  -c -g -O2  conftest.c >&5
configure:3999: $? = 0
configure:4012: result: none needed
configure:4037: checking whether gcc understands -c and -o together
configure:4059: gcc -c conftest.c -o conftest2.o
configure:4062: $? = 0
configure:4059: gcc -c conftest.c -o conftest2.o
configure:4062: $? = 0
configure:4074: result: yes
configure:4094: checking whether make supports the include directive
configure:4109: make -f confmf.GNU && cat confinc.out
this is the am__doit target
configure:4112: $? = 0
configure:4131: result: yes (GNU style)
configure:4156: checking dependency style of gcc
configure:4267: result: gcc3
configure:4340: checking for g++
configure:4356: found /usr/bin/g++
configure:4367: result: g++
configure:4394: checking for C++ compiler version
configure:4403: g++ --version >&5
g++ (Ubuntu 9.4.0-1ubuntu1~20.04.1) 9.4.0
Copyright (C) 2019 Free Software Foundation, Inc.
This is free software; see the source for copying conditions.  There is NO
warranty; not even for MERCHANTABILITY or FITNESS FOR A PARTICULAR PURPOSE.

configure:4414: $? = 0
configure:4403: g++ -v >&5
Using built-in specs.
COLLECT_GCC=g++
COLLECT_LTO_WRAPPER=/usr/lib/gcc/x86_64-linux-gnu/9/lto-wrapper
OFFLOAD_TARGET_NAMES=nvptx-none:hsa
OFFLOAD_TARGET_DEFAULT=1
Target: x86_64-linux-gnu
Configured with: ../src/configure -v --with-pkgversion='Ubuntu 9.4.0-1ubuntu1~20.04.1' --with-bugurl=file:///usr/share/doc/gcc-9/README.Bugs --enable-languages=c,ada,c++,go,brig,d,fortran,objc,obj-c++,gm2 --prefix=/usr --with-gcc-major-version-only --program-suffix=-9 --program-prefix=x86_64-linux-gnu- --enable-shared --enable-linker-build-id --libexecdir=/usr/lib --without-included-gettext --enable-threads=posix --libdir=/usr/lib --enable-nls --enable-clocale=gnu --enable-libstdcxx-debug --enable-libstdcxx-time=yes --with-default-libstdcxx-abi=new --enable-gnu-unique-object --disable-vtable-verify --enable-plugin --enable-default-pie --with-system-zlib --with-target-system-zlib=auto --enable-objc-gc=auto --enable-multiarch --disable-werror --with-arch-32=i686 --with-abi=m64 --with-multilib-list=m32,m64,mx32 --enable-multilib --with-tune=generic --enable-offload-targets=nvptx-none=/build/gcc-9-Av3uEd/gcc-9-9.4.0/debian/tmp-nvptx/usr,hsa --without-cuda-driver --enable-checking=release --build=x86_64-linux-gnu --host=x86_64-linux-gnu --target=x86_64-linux-gnu
Thread model: posix
gcc version 9.4.0 (Ubuntu 9.4.0-1ubuntu1~20.04.1) 
configure:4414: $? = 0
configure:4403: g++ -V >&5
g++: error: unrecognized command line option '-V'
g++: fatal error: no input files
compilation terminated.
configure:4414: $? = 1
configure:4403: g++ -qversion >&5
g++: error: unrecognized command line option '-qversion'; did you mean '--version'?
g++: fatal error: no input files
compilation terminated.
configure:4414: $? = 1
configure:4418: checking whether we are using the GNU C++ compiler
configure:4437: g++ -c   conftest.cpp >&5
configure:4437: $? = 0
configure:4446: result: yes
configure:4455: checking whether g++ accepts -g
configure:4475: g++ -c -g  conftest.cpp >&5
configure:4475: $? = 0
configure:4516: result: yes
configure:4541: checking dependency style of g++
configure:4652: result: gcc3
configure:4673: checking build system type
configure:4687: result: x86_64-pc-linux-gnu
configure:4707: checking host system type
configure:4720: result: x86_64-pc-linux-gnu
configure:4750: checking how to run the C preprocessor
configure:4781: gcc -E  conftest.c
configure:4781: $? = 0
configure:4795: gcc -E  conftest.c
conftest.c:11:10: fatal error: ac_nonexistent.h: No such file or directory
   11 | #include <ac_nonexistent.h>
      |          ^~~~~~~~~~~~~~~~~~
compilation terminated.
configure:4795: $? = 1
configure: failed program was:
| /* confdefs.h */
| #define PACKAGE_NAME "libasprintf"
| #define PACKAGE_TARNAME "libasprintf"
| #define PACKAGE_VERSION "1.0"
| #define PACKAGE_STRING "libasprintf 1.0"
| #define PACKAGE_BUGREPORT ""
| #define PACKAGE_URL ""
| #define PACKAGE "libasprintf"
| #define VERSION "1.0"
| /* end confdefs.h.  */
| #include <ac_nonexistent.h>
configure:4820: result: gcc -E
configure:4840: gcc -E  conftest.c
configure:4840: $? = 0
configure:4854: gcc -E  conftest.c
conftest.c:11:10: fatal error: ac_nonexistent.h: No such file or directory
   11 | #include <ac_nonexistent.h>
      |          ^~~~~~~~~~~~~~~~~~
compilation terminated.
configure:4854: $? = 1
configure: failed program was:
| /* confdefs.h */
| #define PACKAGE_NAME "libasprintf"
| #define PACKAGE_TARNAME "libasprintf"
| #define PACKAGE_VERSION "1.0"
| #define PACKAGE_STRING "libasprintf 1.0"
| #define PACKAGE_BUGREPORT ""
| #define PACKAGE_URL ""
| #define PACKAGE "libasprintf"
| #define VERSION "1.0"
| /* end confdefs.h.  */
| #include <ac_nonexistent.h>
configure:4883: checking for grep that handles long lines and -e
configure:4941: result: /usr/bin/grep
configure:4946: checking for egrep
configure:5008: result: /usr/bin/grep -E
configure:5016: checking for Minix Amsterdam compiler
configure:5040: result: no
configure:5097: checking for ar
configure:5113: found /usr/bin/ar
configure:5124: result: ar
configure:5199: checking for ranlib
configure:5215: found /usr/bin/ranlib
configure:5226: result: ranlib
configure:5358: checking how to print strings
configure:5385: result: printf
configure:5406: checking for a sed that does not truncate output
configure:5470: result: /usr/bin/sed
configure:5488: checking for fgrep
configure:5550: result: /usr/bin/grep -F
configure:5585: checking for ld used by gcc
configure:5652: result: /usr/bin/ld
configure:5659: checking if the linker (/usr/bin/ld) is GNU ld
configure:5674: result: yes
configure:5686: checking for BSD- or MS-compatible name lister (nm)
configure:5740: result: /usr/bin/nm -B
configure:5870: checking the name lister (/usr/bin/nm -B) interface
configure:5877: gcc -c -g -O2  conftest.c >&5
configure:5880: /usr/bin/nm -B "conftest.o"
configure:5883: output
0000000000000000 B some_variable
configure:5884: result: BSD nm
configure:5887: checking whether ln -s works
configure:5891: result: yes
configure:5899: checking the maximum length of command line arguments
configure:6030: result: 3145728
configure:6078: checking how to convert x86_64-pc-linux-gnu file names to x86_64-pc-linux-gnu format
configure:6118: result: func_convert_file_noop
configure:6125: checking how to convert x86_64-pc-linux-gnu file names to toolchain format
configure:6145: result: func_convert_file_noop
configure:6152: checking for /usr/bin/ld option to reload object files
configure:6159: result: -r
configure:6233: checking for objdump
configure:6249: found /usr/bin/objdump
configure:6260: result: objdump
configure:6289: checking how to recognize dependent libraries
configure:6489: result: pass_all
configure:6574: checking for dlltool
configure:6604: result: no
configure:6631: checking how to associate runtime and link libraries
configure:6658: result: printf %s\n
configure:6782: checking for archiver @FILE support
configure:6799: gcc -c -g -O2  conftest.c >&5
configure:6799: $? = 0
configure:6802: ar cru libconftest.a @conftest.lst >&5
ar: `u' modifier ignored since `D' is the default (see `U')
configure:6805: $? = 0
configure:6810: ar cru libconftest.a @conftest.lst >&5
ar: `u' modifier ignored since `D' is the default (see `U')
ar: conftest.o: No such file or directory
configure:6813: $? = 1
configure:6812: result: @
configure:6870: checking for strip
configure:6886: found /usr/bin/strip
configure:6897: result: strip
configure:6969: checking for ranlib
configure:6996: result: ranlib
configure:7098: checking command to parse /usr/bin/nm -B output from gcc object
configure:7251: gcc -c -g -O2  conftest.c >&5
configure:7254: $? = 0
configure:7258: /usr/bin/nm -B conftest.o \| sed -n -e 's/^.*[ ]\([ABCDGIRSTW][ABCDGIRSTW]*\)[ ][ ]*\([_A-Za-z][_A-Za-z0-9]*\)$/\1 \2 \2/p' | sed '/ __gnu_lto/d' \> conftest.nm
configure:7261: $? = 0
configure:7327: gcc -o conftest -g -O2   conftest.c conftstm.o >&5
configure:7330: $? = 0
configure:7368: result: ok
configure:7415: checking for sysroot
configure:7445: result: no
configure:7452: checking for a working dd
configure:7490: result: /usr/bin/dd
configure:7494: checking how to truncate binary pipes
configure:7509: result: /usr/bin/dd bs=4096 count=1
configure:7645: gcc -c -g -O2  conftest.c >&5
configure:7648: $? = 0
configure:7838: checking for mt
configure:7854: found /usr/bin/mt
configure:7865: result: mt
configure:7888: checking if mt is a manifest tool
configure:7894: mt '-?'
configure:7902: result: no
configure:8574: checking for ANSI C header files
configure:8594: gcc -c -g -O2  conftest.c >&5
configure:8594: $? = 0
configure:8667: gcc -o conftest -g -O2   conftest.c  >&5
configure:8667: $? = 0
configure:8667: ./conftest
configure:8667: $? = 0
configure:8678: result: yes
configure:8691: checking for sys/types.h
configure:8691: gcc -c -g -O2  conftest.c >&5
configure:8691: $? = 0
configure:8691: result: yes
configure:8691: checking for sys/stat.h
configure:8691: gcc -c -g -O2  conftest.c >&5
configure:8691: $? = 0
configure:8691: result: yes
configure:8691: checking for stdlib.h
configure:8691: gcc -c -g -O2  conftest.c >&5
configure:8691: $? = 0
configure:8691: result: yes
configure:8691: checking for string.h
configure:8691: gcc -c -g -O2  conftest.c >&5
configure:8691: $? = 0
configure:8691: result: yes
configure:8691: checking for memory.h
configure:8691: gcc -c -g -O2  conftest.c >&5
configure:8691: $? = 0
configure:8691: result: yes
configure:8691: checking for strings.h
configure:8691: gcc -c -g -O2  conftest.c >&5
configure:8691: $? = 0
configure:8691: result: yes
configure:8691: checking for inttypes.h
configure:8691: gcc -c -g -O2  conftest.c >&5
configure:8691: $? = 0
configure:8691: result: yes
configure:8691: checking for stdint.h
configure:8691: gcc -c -g -O2  conftest.c >&5
configure:8691: $? = 0
configure:8691: result: yes
configure:8691: checking for unistd.h
configure:8691: gcc -c -g -O2  conftest.c >&5
configure:8691: $? = 0
configure:8691: result: yes
configure:8705: checking for dlfcn.h
configure:8705: gcc -c -g -O2  conftest.c >&5
configure:8705: $? = 0
configure:8705: result: yes
configure:9270: checking for objdir
configure:9285: result: .libs
configure:9549: checking if gcc supports -fno-rtti -fno-exceptions
configure:9567: gcc -c -g -O2  -fno-rtti -fno-exceptions conftest.c >&5
cc1: warning: command line option '-fno-rtti' is valid for C++/D/ObjC++ but not for C
configure:9571: $? = 0
configure:9584: result: no
configure:9942: checking for gcc option to produce PIC
configure:9949: result: -fPIC -DPIC
configure:9957: checking if gcc PIC flag -fPIC -DPIC works
configure:9975: gcc -c -g -O2  -fPIC -DPIC -DPIC conftest.c >&5
configure:9979: $? = 0
configure:9992: result: yes
configure:10021: checking if gcc static flag -static works
configure:10049: result: yes
configure:10064: checking if gcc supports -c -o file.o
configure:10085: gcc -c -g -O2  -o out/conftest2.o conftest.c >&5
configure:10089: $? = 0
configure:10111: result: yes
configure:10119: checking if gcc supports -c -o file.o
configure:10166: result: yes
configure:10199: checking whether the gcc linker (/usr/bin/ld -m elf_x86_64) supports shared libraries
configure:11458: result: yes
configure:11495: checking whether -lc should be explicitly linked in
configure:11503: gcc -c -g -O2  conftest.c >&5
configure:11506: $? = 0
configure:11521: gcc -shared  -fPIC -DPIC conftest.o  -v -Wl,-soname -Wl,conftest -o conftest 2\>\&1 \| /usr/bin/grep  -lc  \>/dev/null 2\>\&1
configure:11524: $? = 0
configure:11538: result: no
configure:11698: checking dynamic linker characteristics
configure:12279: gcc -o conftest -g -O2   -Wl,-rpath -Wl,/foo conftest.c  >&5
configure:12279: $? = 0
configure:12516: result: GNU/Linux ld.so
configure:12638: checking how to hardcode library paths into programs
configure:12663: result: immediate
configure:13211: checking whether stripping libraries is possible
configure:13216: result: yes
configure:13251: checking if libtool supports shared libraries
configure:13253: result: yes
configure:13256: checking whether to build shared libraries
configure:13281: result: yes
configure:13284: checking whether to build static libraries
configure:13288: result: yes
configure:10103: checking how to run the C++ preprocessor
configure:10130: g++ -E  conftest.cpp
configure:10130: $? = 0
configure:10144: g++ -E  conftest.cpp
conftest.cpp:23:10: fatal error: ac_nonexistent.h: No such file or directory
   23 | #include <ac_nonexistent.h>
      |          ^~~~~~~~~~~~~~~~~~
compilation terminated.
configure:10144: $? = 1
configure: failed program was:
| /* confdefs.h */
| #define PACKAGE_NAME "libasprintf"
| #define PACKAGE_TARNAME "libasprintf"
| #define PACKAGE_VERSION "1.0"
| #define PACKAGE_STRING "libasprintf 1.0"
| #define PACKAGE_BUGREPORT ""
| #define PACKAGE_URL ""
| #define PACKAGE "libasprintf"
| #define VERSION "1.0"
| #define STDC_HEADERS 1
| #define HAVE_SYS_TYPES_H 1
| #define HAVE_SYS_STAT_H 1
| #define HAVE_STDLIB_H 1
| #define HAVE_STRING_H 1
| #define HAVE_MEMORY_H 1
| #define HAVE_STRINGS_H 1
| #define HAVE_INTTYPES_H 1
| #define HAVE_STDINT_H 1
| #define HAVE_UNISTD_H 1
| #define HAVE_DLFCN_H 1
| #define LT_OBJDIR ".libs/"
| /* end confdefs.h.  */
| #include <ac_nonexistent.h>
configure:10169: result: g++ -E
configure:10189: g++ -E  conftest.cpp
configure:10189: $? = 0
configure:10203: g++ -E  conftest.cpp
conftest.cpp:23:10: fatal error: ac_nonexistent.h: No such file or directory
   23 | #include <ac_nonexistent.h>
      |          ^~~~~~~~~~~~~~~~~~
compilation terminated.
configure:10203: $? = 1
configure: failed program was:
| /* confdefs.h */
| #define PACKAGE_NAME "libasprintf"
| #define PACKAGE_TARNAME "libasprintf"
| #define PACKAGE_VERSION "1.0"
| #define PACKAGE_STRING "libasprintf 1.0"
| #define PACKAGE_BUGREPORT ""
| #define PACKAGE_URL ""
| #define PACKAGE "libasprintf"
| #define VERSION "1.0"
| #define STDC_HEADERS 1
| #define HAVE_SYS_TYPES_H 1
| #define HAVE_SYS_STAT_H 1
| #define HAVE_STDLIB_H 1
| #define HAVE_STRING_H 1
| #define HAVE_MEMORY_H 1
| #define HAVE_STRINGS_H 1
| #define HAVE_INTTYPES_H 1
| #define HAVE_STDINT_H 1
| #define HAVE_UNISTD_H 1
| #define HAVE_DLFCN_H 1
| #define LT_OBJDIR ".libs/"
| /* end confdefs.h.  */
| #include <ac_nonexistent.h>
configure:10365: checking for ld used by g++
configure:10432: result: /usr/bin/ld -m elf_x86_64
configure:10439: checking if the linker (/usr/bin/ld -m elf_x86_64) is GNU ld
configure:10454: result: yes
configure:10509: checking whether the g++ linker (/usr/bin/ld -m elf_x86_64) supports shared libraries
configure:11582: result: yes
configure:11618: g++ -c -g -O2  conftest.cpp >&5
configure:11621: $? = 0
configure:12102: checking for g++ option to produce PIC
configure:12109: result: -fPIC -DPIC
configure:12117: checking if g++ PIC flag -fPIC -DPIC works
configure:12135: g++ -c -g -O2  -fPIC -DPIC -DPIC conftest.cpp >&5
configure:12139: $? = 0
configure:12152: result: yes
configure:12175: checking if g++ static flag -static works
configure:12203: result: yes
configure:12215: checking if g++ supports -c -o file.o
configure:12236: g++ -c -g -O2  -o out/conftest2.o conftest.cpp >&5
configure:12240: $? = 0
configure:12262: result: yes
configure:12267: checking if g++ supports -c -o file.o
configure:12314: result: yes
configure:12344: checking whether the g++ linker (/usr/bin/ld -m elf_x86_64) supports shared libraries
configure:12384: result: yes
configure:12525: checking dynamic linker characteristics
configure:13270: result: GNU/Linux ld.so
configure:13335: checking how to hardcode library paths into programs
configure:13360: result: immediate
configure:12311: checking for windres
configure:12341: result: no
configure:12463: checking features.h usability
configure:12463: gcc -c -g -O2  conftest.c >&5
configure:12463: $? = 0
configure:12463: result: yes
configure:12463: checking features.h presence
configure:12463: gcc -E  conftest.c
configure:12463: $? = 0
configure:12463: result: yes
configure:12463: checking for features.h
configure:12463: result: yes
configure:12474: checking for inline
configure:12490: gcc -c -g -O2  conftest.c >&5
configure:12490: $? = 0
configure:12498: result: inline
configure:12516: checking for size_t
configure:12516: gcc -c -g -O2  conftest.c >&5
configure:12516: $? = 0
configure:12516: gcc -c -g -O2  conftest.c >&5
conftest.c: In function 'main':
conftest.c:60:21: error: expected expression before ')' token
   60 | if (sizeof ((size_t)))
      |                     ^
configure:12516: $? = 1
configure: failed program was:
| /* confdefs.h */
| #define PACKAGE_NAME "libasprintf"
| #define PACKAGE_TARNAME "libasprintf"
| #define PACKAGE_VERSION "1.0"
| #define PACKAGE_STRING "libasprintf 1.0"
| #define PACKAGE_BUGREPORT ""
| #define PACKAGE_URL ""
| #define PACKAGE "libasprintf"
| #define VERSION "1.0"
| #define STDC_HEADERS 1
| #define HAVE_SYS_TYPES_H 1
| #define HAVE_SYS_STAT_H 1
| #define HAVE_STDLIB_H 1
| #define HAVE_STRING_H 1
| #define HAVE_MEMORY_H 1
| #define HAVE_STRINGS_H 1
| #define HAVE_INTTYPES_H 1
| #define HAVE_STDINT_H 1
| #define HAVE_UNISTD_H 1
| #define HAVE_DLFCN_H 1
| #define LT_OBJDIR ".libs/"
| #define HAVE_FEATURES_H 1
| /* end confdefs.h.  */
| #include <stdio.h>
| #ifdef HAVE_SYS_TYPES_H
| # include <sys/types.h>
| #endif
| #ifdef HAVE_SYS_STAT_H
| # include <sys/stat.h>
| #endif
| #ifdef STDC_HEADERS
| # include <stdlib.h>
| # include <stddef.h>
| #else
| # ifdef HAVE_STDLIB_H
| #  include <stdlib.h>
| # endif
| #endif
| #ifdef HAVE_STRING_H
| # if !defined STDC_HEADERS && defined HAVE_MEMORY_H
| #  include <memory.h>
| # endif
| # include <string.h>
| #endif
| #ifdef HAVE_STRINGS_H
| # include <strings.h>
| #endif
| #ifdef HAVE_INTTYPES_H
| # include <inttypes.h>
| #endif
| #ifdef HAVE_STDINT_H
| # include <stdint.h>
| #endif
| #ifdef HAVE_UNISTD_H
| # include <unistd.h>
| #endif
| int
| main ()
| {
| if (sizeof ((size_t)))
| 	    return 0;
|   ;
|   return 0;
| }
configure:12516: result: yes
configure:12528: checking for unsigned long long int
configure:12567: gcc -o conftest -g -O2   conftest.c  >&5
configure:12567: $? = 0
configure:12576: result: yes
configure:12586: checking for long long int
configure:12624: gcc -o conftest -g -O2   conftest.c  >&5
configure:12624: $? = 0
configure:12624: ./conftest
configure:12624: $? = 0
configure:12636: result: yes
configure:12645: checking for wchar_t
configure:12662: gcc -c -g -O2  conftest.c >&5
configure:12662: $? = 0
configure:12669: result: yes
configure:12678: checking for wint_t
configure:12703: gcc -c -g -O2  conftest.c >&5
configure:12703: $? = 0
configure:12710: result: yes
configure:12717: checking whether wint_t is too small
configure:12745: gcc -c -g -O2  conftest.c >&5
configure:12745: $? = 0
configure:12752: result: no
configure:12764: checking for mbstate_t
configure:12781: gcc -c -g -O2  conftest.c >&5
configure:12781: $? = 0
configure:12788: result: yes
configure:12799: checking for ptrdiff_t
configure:12799: gcc -c -g -O2  conftest.c >&5
configure:12799: $? = 0
configure:12799: gcc -c -g -O2  conftest.c >&5
conftest.c: In function 'main':
conftest.c:65:24: error: expected expression before ')' token
   65 | if (sizeof ((ptrdiff_t)))
      |                        ^
configure:12799: $? = 1
configure: failed program was:
| /* confdefs.h */
| #define PACKAGE_NAME "libasprintf"
| #define PACKAGE_TARNAME "libasprintf"
| #define PACKAGE_VERSION "1.0"
| #define PACKAGE_STRING "libasprintf 1.0"
| #define PACKAGE_BUGREPORT ""
| #define PACKAGE_URL ""
| #define PACKAGE "libasprintf"
| #define VERSION "1.0"
| #define STDC_HEADERS 1
| #define HAVE_SYS_TYPES_H 1
| #define HAVE_SYS_STAT_H 1
| #define HAVE_STDLIB_H 1
| #define HAVE_STRING_H 1
| #define HAVE_MEMORY_H 1
| #define HAVE_STRINGS_H 1
| #define HAVE_INTTYPES_H 1
| #define HAVE_STDINT_H 1
| #define HAVE_UNISTD_H 1
| #define HAVE_DLFCN_H 1
| #define LT_OBJDIR ".libs/"
| #define HAVE_FEATURES_H 1
| #define HAVE_UNSIGNED_LONG_LONG_INT 1
| #define HAVE_LONG_LONG_INT 1
| #define HAVE_WCHAR_T 1
| #define HAVE_WINT_T 1
| #define HAVE_MBSTATE_T 1
| /* end confdefs.h.  */
| #include <stdio.h>
| #ifdef HAVE_SYS_TYPES_H
| # include <sys/types.h>
| #endif
| #ifdef HAVE_SYS_STAT_H
| # include <sys/stat.h>
| #endif
| #ifdef STDC_HEADERS
| # include <stdlib.h>
| # include <stddef.h>
| #else
| # ifdef HAVE_STDLIB_H
| #  include <stdlib.h>
| # endif
| #endif
| #ifdef HAVE_STRING_H
| # if !defined STDC_HEADERS && defined HAVE_MEMORY_H
| #  include <memory.h>
| # endif
| # include <string.h>
| #endif
| #ifdef HAVE_STRINGS_H
| # include <strings.h>
| #endif
| #ifdef HAVE_INTTYPES_H
| # include <inttypes.h>
| #endif
| #ifdef HAVE_STDINT_H
| # include <stdint.h>
| #endif
| #ifdef HAVE_UNISTD_H
| # include <unistd.h>
| #endif
| int
| main ()
| {
| if (sizeof ((ptrdiff_t)))
| 	    return 0;
|   ;
|   return 0;
| }
configure:12799: result: yes
configure:12810: checking for inttypes.h
configure:12829: gcc -c -g -O2  conftest.c >&5
configure:12829: $? = 0
configure:12836: result: yes
configure:12847: checking for stdint.h
configure:12864: gcc -c -g -O2  conftest.c >&5
configure:12864: $? = 0
configure:12871: result: yes
configure:12903: checking for stdint.h
configure:12903: result: yes
configure:12913: checking for SIZE_MAX
configure:12984: result: yes
configure:12999: checking for stdint.h
configure:12999: result: yes
configure:13023: checking for working alloca.h
configure:13040: gcc -o conftest -g -O2   conftest.c  >&5
configure:13040: $? = 0
configure:13048: result: yes
configure:13056: checking for alloca
configure:13093: gcc -o conftest -g -O2   conftest.c  >&5
configure:13093: $? = 0
configure:13101: result: yes
configure:13217: checking for stdlib.h
configure:13217: result: yes
configure:13217: checking for string.h
configure:13217: result: yes
configure:13234: checking whether the preprocessor supports include_next
configure:13272: gcc -c -g -O2  -Iconftestd1b -Iconftestd2 conftest.c >&5
configure:13272: $? = 0
configure:13293: result: yes
configure:13314: checking whether system header files limit the line length
configure:13337: result: no
configure:13348: checking for complete errno.h
configure:13421: result: yes
configure:13793: checking for stdint.h
configure:13793: result: yes
configure:13803: checking for SIZE_MAX
configure:13874: result: yes
configure:13889: checking for stdint.h
configure:13889: result: yes
configure:13936: checking for snprintf
configure:13936: gcc -o conftest -g -O2   conftest.c  >&5
conftest.c:63:6: warning: conflicting types for built-in function 'snprintf'; expected 'int(char *, long unsigned int,  const char *, ...)' [-Wbuiltin-declaration-mismatch]
   63 | char snprintf ();
      |      ^~~~~~~~
conftest.c:51:1: note: 'snprintf' is declared in header '<stdio.h>'
   50 | # include <limits.h>
   51 | #else
configure:13936: $? = 0
configure:13936: result: yes
configure:13936: checking for vasprintf
configure:13936: gcc -o conftest -g -O2   conftest.c  >&5
configure:13936: $? = 0
configure:13936: result: yes
configure:13936: checking for strnlen
configure:13936: gcc -o conftest -g -O2   conftest.c  >&5
conftest.c:65:6: warning: conflicting types for built-in function 'strnlen'; expected 'long unsigned int(const char *, long unsigned int)' [-Wbuiltin-declaration-mismatch]
   65 | char strnlen ();
      |      ^~~~~~~
configure:13936: $? = 0
configure:13936: result: yes
configure:13936: checking for wcslen
configure:13936: gcc -o conftest -g -O2   conftest.c  >&5
configure:13936: $? = 0
configure:13936: result: yes
configure:13936: checking for wcsnlen
configure:13936: gcc -o conftest -g -O2   conftest.c  >&5
configure:13936: $? = 0
configure:13936: result: yes
configure:13936: checking for mbrtowc
configure:13936: gcc -o conftest -g -O2   conftest.c  >&5
configure:13936: $? = 0
configure:13936: result: yes
configure:13936: checking for wcrtomb
configure:13936: gcc -o conftest -g -O2   conftest.c  >&5
configure:13936: $? = 0
configure:13936: result: yes
configure:13945: checking whether _snprintf is declared
configure:13945: gcc -c -g -O2  conftest.c >&5
conftest.c: In function 'main':
conftest.c:56:10: error: '_snprintf' undeclared (first use in this function); did you mean 'vsnprintf'?
   56 |   (void) _snprintf;
      |          ^~~~~~~~~
      |          vsnprintf
conftest.c:56:10: note: each undeclared identifier is reported only once for each function it appears in
configure:13945: $? = 1
configure: failed program was:
| /* confdefs.h */
| #define PACKAGE_NAME "libasprintf"
| #define PACKAGE_TARNAME "libasprintf"
| #define PACKAGE_VERSION "1.0"
| #define PACKAGE_STRING "libasprintf 1.0"
| #define PACKAGE_BUGREPORT ""
| #define PACKAGE_URL ""
| #define PACKAGE "libasprintf"
| #define VERSION "1.0"
| #define STDC_HEADERS 1
| #define HAVE_SYS_TYPES_H 1
| #define HAVE_SYS_STAT_H 1
| #define HAVE_STDLIB_H 1
| #define HAVE_STRING_H 1
| #define HAVE_MEMORY_H 1
| #define HAVE_STRINGS_H 1
| #define HAVE_INTTYPES_H 1
| #define HAVE_STDINT_H 1
| #define HAVE_UNISTD_H 1
| #define HAVE_DLFCN_H 1
| #define LT_OBJDIR ".libs/"
| #define HAVE_FEATURES_H 1
| #define HAVE_UNSIGNED_LONG_LONG_INT 1
| #define HAVE_LONG_LONG_INT 1
| #define HAVE_WCHAR_T 1
| #define HAVE_WINT_T 1
| #define HAVE_MBSTATE_T 1
| #define HAVE_INTTYPES_H_WITH_UINTMAX 1
| #define HAVE_STDINT_H_WITH_UINTMAX 1
| #define HAVE_INTMAX_T 1
| #define HAVE_STDINT_H 1
| #define HAVE_STDINT_H 1
| #define HAVE_ALLOCA_H 1
| #define HAVE_ALLOCA 1
| #define HAVE_STDLIB_H 1
| #define HAVE_STRING_H 1
| #define HAVE_STDINT_H 1
| #define HAVE_STDINT_H 1
| #define HAVE_SNPRINTF 1
| #define HAVE_VASPRINTF 1
| #define HAVE_STRNLEN 1
| #define HAVE_WCSLEN 1
| #define HAVE_WCSNLEN 1
| #define HAVE_MBRTOWC 1
| #define HAVE_WCRTOMB 1
| /* end confdefs.h.  */
| #include <stdio.h>
| 
| int
| main ()
| {
| #ifndef _snprintf
| #ifdef __cplusplus
|   (void) _snprintf;
| #else
|   (void) _snprintf;
| #endif
| #endif
| 
|   ;
|   return 0;
| }
configure:13945: result: no
configure:13959: checking whether printf() supports POSIX/XSI format strings
configure:14000: gcc -o conftest -g -O2   conftest.c  >&5
configure:14000: $? = 0
configure:14000: ./conftest
configure:14000: $? = 0
configure:14011: result: yes
configure:14025: checking for dvips
configure:14056: result: /home/runner/work/renovate-i18n/renovate-i18n/gettext-0.20.1/build-aux/missing dvips
configure:14066: checking for texi2pdf
configure:14084: found /usr/bin/texi2pdf
configure:14097: result: /usr/bin/texi2pdf
configure:14107: checking for perl
configure:14125: found /usr/bin/perl
configure:14138: result: /usr/bin/perl
configure:14251: checking that generated files are newer than configure
configure:14257: result: done
configure:14332: creating ./config.status

## ---------------------- ##
## Running config.status. ##
## ---------------------- ##

This file was extended by libasprintf config.status 1.0, which was
generated by GNU Autoconf 2.69.  Invocation command line was

  CONFIG_FILES    = 
  CONFIG_HEADERS  = 
  CONFIG_LINKS    = 
  CONFIG_COMMANDS = 
  $ ./config.status 

on fv-az275-816

config.status:1256: creating Makefile
config.status:1256: creating config.h
config.status:1485: executing depfiles commands
config.status:1485: executing libtool commands

## ---------------- ##
## Cache variables. ##
## ---------------- ##

ac_cv_build=x86_64-pc-linux-gnu
ac_cv_c_compiler_gnu=yes
ac_cv_c_inline=inline
ac_cv_cxx_compiler_gnu=yes
ac_cv_env_CCC_set=
ac_cv_env_CCC_value=
ac_cv_env_CC_set=
ac_cv_env_CC_value=
ac_cv_env_CFLAGS_set=
ac_cv_env_CFLAGS_value=
ac_cv_env_CPPFLAGS_set=
ac_cv_env_CPPFLAGS_value=
ac_cv_env_CPP_set=
ac_cv_env_CPP_value=
ac_cv_env_CXXCPP_set=
ac_cv_env_CXXCPP_value=
ac_cv_env_CXXFLAGS_set=
ac_cv_env_CXXFLAGS_value=
ac_cv_env_CXX_set=
ac_cv_env_CXX_value=
ac_cv_env_LDFLAGS_set=
ac_cv_env_LDFLAGS_value=
ac_cv_env_LIBS_set=
ac_cv_env_LIBS_value=
ac_cv_env_LT_SYS_LIBRARY_PATH_set=
ac_cv_env_LT_SYS_LIBRARY_PATH_value=
ac_cv_env_build_alias_set=
ac_cv_env_build_alias_value=
ac_cv_env_host_alias_set=
ac_cv_env_host_alias_value=
ac_cv_env_target_alias_set=
ac_cv_env_target_alias_value=
ac_cv_func_alloca_works=yes
ac_cv_func_mbrtowc=yes
ac_cv_func_snprintf=yes
ac_cv_func_strnlen=yes
ac_cv_func_vasprintf=yes
ac_cv_func_wcrtomb=yes
ac_cv_func_wcslen=yes
ac_cv_func_wcsnlen=yes
ac_cv_have_decl__snprintf=no
ac_cv_header_dlfcn_h=yes
ac_cv_header_features_h=yes
ac_cv_header_inttypes_h=yes
ac_cv_header_memory_h=yes
ac_cv_header_stdc=yes
ac_cv_header_stdint_h=yes
ac_cv_header_stdlib_h=yes
ac_cv_header_string_h=yes
ac_cv_header_strings_h=yes
ac_cv_header_sys_stat_h=yes
ac_cv_header_sys_types_h=yes
ac_cv_header_unistd_h=yes
ac_cv_host=x86_64-pc-linux-gnu
ac_cv_objext=o
ac_cv_path_DVIPS='/home/runner/work/renovate-i18n/renovate-i18n/gettext-0.20.1/build-aux/missing dvips'
ac_cv_path_EGREP='/usr/bin/grep -E'
ac_cv_path_FGREP='/usr/bin/grep -F'
ac_cv_path_GREP=/usr/bin/grep
ac_cv_path_PERL=/usr/bin/perl
ac_cv_path_SED=/usr/bin/sed
ac_cv_path_TEXI2PDF=/usr/bin/texi2pdf
ac_cv_path_install='/usr/bin/install -c'
ac_cv_path_lt_DD=/usr/bin/dd
ac_cv_path_mkdir=/usr/bin/mkdir
ac_cv_prog_AWK=gawk
ac_cv_prog_CPP='gcc -E'
ac_cv_prog_CXXCPP='g++ -E'
ac_cv_prog_ac_ct_AR=ar
ac_cv_prog_ac_ct_CC=gcc
ac_cv_prog_ac_ct_CXX=g++
ac_cv_prog_ac_ct_MANIFEST_TOOL=mt
ac_cv_prog_ac_ct_OBJDUMP=objdump
ac_cv_prog_ac_ct_RANLIB=ranlib
ac_cv_prog_ac_ct_STRIP=strip
ac_cv_prog_cc_c89=
ac_cv_prog_cc_g=yes
ac_cv_prog_cxx_g=yes
ac_cv_prog_make_make_set=yes
ac_cv_type_long_long_int=yes
ac_cv_type_mbstate_t=yes
ac_cv_type_ptrdiff_t=yes
ac_cv_type_size_t=yes
ac_cv_type_unsigned_long_long_int=yes
ac_cv_working_alloca_h=yes
am_cv_CC_dependencies_compiler_type=gcc3
am_cv_CXX_dependencies_compiler_type=gcc3
am_cv_make_support_nested_variables=yes
am_cv_prog_cc_c_o=yes
gl_cv_c_amsterdam_compiler=no
gl_cv_have_include_next=yes
gl_cv_header_errno_h_complete=yes
gl_cv_header_inttypes_h=yes
gl_cv_header_stdint_h=yes
gl_cv_pragma_columns=no
gl_cv_size_max=yes
gl_cv_type_wint_t_too_small=no
gt_cv_c_wchar_t=yes
gt_cv_c_wint_t=yes
gt_cv_func_printf_posix=yes
lt_cv_ar_at_file=@
lt_cv_archive_cmds_need_lc=no
lt_cv_deplibs_check_method=pass_all
lt_cv_file_magic_cmd='$MAGIC_CMD'
lt_cv_file_magic_test_file=
lt_cv_ld_reload_flag=-r
lt_cv_nm_interface='BSD nm'
lt_cv_objdir=.libs
lt_cv_path_LD=/usr/bin/ld
lt_cv_path_LDCXX='/usr/bin/ld -m elf_x86_64'
lt_cv_path_NM='/usr/bin/nm -B'
lt_cv_path_mainfest_tool=no
lt_cv_prog_compiler_c_o=yes
lt_cv_prog_compiler_c_o_CXX=yes
lt_cv_prog_compiler_c_o_RC=yes
lt_cv_prog_compiler_pic='-fPIC -DPIC'
lt_cv_prog_compiler_pic_CXX='-fPIC -DPIC'
lt_cv_prog_compiler_pic_works=yes
lt_cv_prog_compiler_pic_works_CXX=yes
lt_cv_prog_compiler_rtti_exceptions=no
lt_cv_prog_compiler_static_works=yes
lt_cv_prog_compiler_static_works_CXX=yes
lt_cv_prog_gnu_ld=yes
lt_cv_prog_gnu_ldcxx=yes
lt_cv_sharedlib_from_linklib_cmd='printf %s\n'
lt_cv_shlibpath_overrides_runpath=yes
lt_cv_sys_global_symbol_pipe='sed -n -e '\''s/^.*[	 ]\([ABCDGIRSTW][ABCDGIRSTW]*\)[	 ][	 ]*\([_A-Za-z][_A-Za-z0-9]*\)$/\1 \2 \2/p'\'' | sed '\''/ __gnu_lto/d'\'''
lt_cv_sys_global_symbol_to_c_name_address='sed -n -e '\''s/^: \(.*\) .*$/  {"\1", (void *) 0},/p'\'' -e '\''s/^[ABCDGIRSTW][ABCDGIRSTW]* .* \(.*\)$/  {"\1", (void *) \&\1},/p'\'''
lt_cv_sys_global_symbol_to_c_name_address_lib_prefix='sed -n -e '\''s/^: \(.*\) .*$/  {"\1", (void *) 0},/p'\'' -e '\''s/^[ABCDGIRSTW][ABCDGIRSTW]* .* \(lib.*\)$/  {"\1", (void *) \&\1},/p'\'' -e '\''s/^[ABCDGIRSTW][ABCDGIRSTW]* .* \(.*\)$/  {"lib\1", (void *) \&\1},/p'\'''
lt_cv_sys_global_symbol_to_cdecl='sed -n -e '\''s/^T .* \(.*\)$/extern int \1();/p'\'' -e '\''s/^[ABCDGIRSTW][ABCDGIRSTW]* .* \(.*\)$/extern char \1;/p'\'''
lt_cv_sys_global_symbol_to_import=
lt_cv_sys_max_cmd_len=3145728
lt_cv_to_host_file_cmd=func_convert_file_noop
lt_cv_to_tool_file_cmd=func_convert_file_noop
lt_cv_truncate_bin='/usr/bin/dd bs=4096 count=1'

## ----------------- ##
## Output variables. ##
## ----------------- ##

ACLOCAL='${SHELL} /home/runner/work/renovate-i18n/renovate-i18n/gettext-0.20.1/build-aux/missing aclocal-1.16'
ALLOCA=''
ALLOCA_H='alloca.h'
AMDEPBACKSLASH='\'
AMDEP_FALSE='#'
AMDEP_TRUE=''
AMTAR='$${TAR-tar}'
AM_BACKSLASH='\'
AM_DEFAULT_V='$(AM_DEFAULT_VERBOSITY)'
AM_DEFAULT_VERBOSITY='1'
AM_V='$(V)'
AR='ar'
ARFLAGS='cr'
AS='as'
AUTOCONF='${SHELL} /home/runner/work/renovate-i18n/renovate-i18n/gettext-0.20.1/build-aux/missing autoconf'
AUTOHEADER='${SHELL} /home/runner/work/renovate-i18n/renovate-i18n/gettext-0.20.1/build-aux/missing autoheader'
AUTOMAKE='${SHELL} /home/runner/work/renovate-i18n/renovate-i18n/gettext-0.20.1/build-aux/missing automake-1.16'
AWK='gawk'
CC='gcc'
CCDEPMODE='depmode=gcc3'
CFLAGS='-g -O2'
CPP='gcc -E'
CPPFLAGS=''
CXX='g++'
CXXCPP='g++ -E'
CXXDEPMODE='depmode=gcc3'
CXXFLAGS='-g -O2'
CYGPATH_W='echo'
DEFS='-DHAVE_CONFIG_H'
DEPDIR='.deps'
DLLTOOL='false'
DSYMUTIL=''
DUMPBIN=''
DVIPS='/home/runner/work/renovate-i18n/renovate-i18n/gettext-0.20.1/build-aux/missing dvips'
ECHO_C=''
ECHO_N='-n'
ECHO_T=''
EGREP='/usr/bin/grep -E'
EMULTIHOP_HIDDEN=''
EMULTIHOP_VALUE=''
ENOLINK_HIDDEN=''
ENOLINK_VALUE=''
EOVERFLOW_HIDDEN=''
EOVERFLOW_VALUE=''
ERRNO_H=''
EXEEXT=''
FGREP='/usr/bin/grep -F'
GL_COND_LIBTOOL_FALSE='#'
GL_COND_LIBTOOL_TRUE=''
GL_GENERATE_ALLOCA_H_FALSE='#'
GL_GENERATE_ALLOCA_H_TRUE=''
GL_GENERATE_ERRNO_H_FALSE=''
GL_GENERATE_ERRNO_H_TRUE='#'
GNULIB_OVERRIDES_WINT_T='0'
GREP='/usr/bin/grep'
INCLUDE_NEXT='include_next'
INCLUDE_NEXT_AS_FIRST_DIRECTIVE='include_next'
INSTALL_DATA='${INSTALL} -m 644'
INSTALL_PROGRAM='${INSTALL}'
INSTALL_SCRIPT='${INSTALL}'
INSTALL_STRIP_PROGRAM='$(install_sh) -c -s'
LD='/usr/bin/ld -m elf_x86_64'
LDFLAGS=''
LIBOBJS=''
LIBS=''
LIBTOOL='/bin/bash $(top_builddir)/libtool'
LIPO=''
LN_S='ln -s'
LTALLOCA=''
LTLIBOBJS=''
LTNOUNDEF=''
LT_SYS_LIBRARY_PATH=''
MAKEINFO='${SHELL} /home/runner/work/renovate-i18n/renovate-i18n/gettext-0.20.1/build-aux/missing makeinfo'
MANIFEST_TOOL=':'
MKDIR_P='/usr/bin/mkdir -p'
NEXT_AS_FIRST_DIRECTIVE_ERRNO_H=''
NEXT_ERRNO_H=''
NM='/usr/bin/nm -B'
NMEDIT=''
OBJDUMP='objdump'
OBJEXT='o'
OTOOL64=''
OTOOL=''
PACKAGE='libasprintf'
PACKAGE_BUGREPORT=''
PACKAGE_NAME='libasprintf'
PACKAGE_STRING='libasprintf 1.0'
PACKAGE_TARNAME='libasprintf'
PACKAGE_URL=''
PACKAGE_VERSION='1.0'
PATH_SEPARATOR=':'
PERL='/usr/bin/perl'
PRAGMA_COLUMNS=''
PRAGMA_SYSTEM_HEADER='#pragma GCC system_header'
RANLIB='ranlib'
RC=''
SED='/usr/bin/sed'
SET_MAKE=''
SHELL='/bin/bash'
STRIP='strip'
TEXI2PDF='/usr/bin/texi2pdf'
VERSION='1.0'
WOE32_FALSE=''
WOE32_TRUE='#'
ac_ct_AR='ar'
ac_ct_CC='gcc'
ac_ct_CXX='g++'
ac_ct_DUMPBIN=''
am__EXEEXT_FALSE=''
am__EXEEXT_TRUE='#'
am__fastdepCC_FALSE='#'
am__fastdepCC_TRUE=''
am__fastdepCXX_FALSE='#'
am__fastdepCXX_TRUE=''
am__include='include'
am__isrc=''
am__leading_dot='.'
am__nodep='_no'
am__quote=''
am__tar='$${TAR-tar} chof - "$$tardir"'
am__untar='$${TAR-tar} xf -'
bindir='${exec_prefix}/bin'
build='x86_64-pc-linux-gnu'
build_alias=''
build_cpu='x86_64'
build_os='linux-gnu'
build_vendor='pc'
datadir='${datarootdir}'
datarootdir='${prefix}/share'
docdir='${datarootdir}/doc/${PACKAGE_TARNAME}'
dvidir='${docdir}'
exec_prefix='${prefix}'
gl_LIBOBJS=''
gl_LTLIBOBJS=''
gltests_LIBOBJS=''
gltests_LTLIBOBJS=''
gltests_WITNESS='IN_LIBASPRINTF_GNULIB_TESTS'
host='x86_64-pc-linux-gnu'
host_alias=''
host_cpu='x86_64'
host_os='linux-gnu'
host_vendor='pc'
htmldir='${docdir}'
includedir='${prefix}/include'
infodir='${datarootdir}/info'
install_sh='${SHELL} /home/runner/work/renovate-i18n/renovate-i18n/gettext-0.20.1/build-aux/install-sh'
libdir='${exec_prefix}/lib'
libexecdir='${exec_prefix}/libexec'
localedir='${datarootdir}/locale'
localstatedir='${prefix}/var'
mandir='${datarootdir}/man'
mkdir_p='$(MKDIR_P)'
oldincludedir='/usr/include'
pdfdir='${docdir}'
prefix='/tmp/gettext'
program_transform_name='s,x,x,'
psdir='${docdir}'
sbindir='${exec_prefix}/sbin'
sharedstatedir='${prefix}/com'
sysconfdir='${prefix}/etc'
target_alias=''

## ----------- ##
## confdefs.h. ##
## ----------- ##

/* confdefs.h */
#define PACKAGE_NAME "libasprintf"
#define PACKAGE_TARNAME "libasprintf"
#define PACKAGE_VERSION "1.0"
#define PACKAGE_STRING "libasprintf 1.0"
#define PACKAGE_BUGREPORT ""
#define PACKAGE_URL ""
#define PACKAGE "libasprintf"
#define VERSION "1.0"
#define STDC_HEADERS 1
#define HAVE_SYS_TYPES_H 1
#define HAVE_SYS_STAT_H 1
#define HAVE_STDLIB_H 1
#define HAVE_STRING_H 1
#define HAVE_MEMORY_H 1
#define HAVE_STRINGS_H 1
#define HAVE_INTTYPES_H 1
#define HAVE_STDINT_H 1
#define HAVE_UNISTD_H 1
#define HAVE_DLFCN_H 1
#define LT_OBJDIR ".libs/"
#define HAVE_FEATURES_H 1
#define HAVE_UNSIGNED_LONG_LONG_INT 1
#define HAVE_LONG_LONG_INT 1
#define HAVE_WCHAR_T 1
#define HAVE_WINT_T 1
#define HAVE_MBSTATE_T 1
#define HAVE_INTTYPES_H_WITH_UINTMAX 1
#define HAVE_STDINT_H_WITH_UINTMAX 1
#define HAVE_INTMAX_T 1
#define HAVE_STDINT_H 1
#define HAVE_STDINT_H 1
#define HAVE_ALLOCA_H 1
#define HAVE_ALLOCA 1
#define HAVE_STDLIB_H 1
#define HAVE_STRING_H 1
#define HAVE_STDINT_H 1
#define HAVE_STDINT_H 1
#define HAVE_SNPRINTF 1
#define HAVE_VASPRINTF 1
#define HAVE_STRNLEN 1
#define HAVE_WCSLEN 1
#define HAVE_WCSNLEN 1
#define HAVE_MBRTOWC 1
#define HAVE_WCRTOMB 1
#define HAVE_DECL__SNPRINTF 0
#define HAVE_POSIX_PRINTF 1

configure: exit 0
