This file contains any messages produced by compilers while
running configure, to aid debugging if configure makes a mistake.

It was created by gettext configure 0.20.1, which was
generated by GNU Autoconf 2.69.  Invocation command line was

  $ ./configure --prefix /tmp/gettext/

## --------- ##
## Platform. ##
## --------- ##

hostname = fv-az275-816
uname -m = x86_64
uname -r = 5.15.0-1022-azure
uname -s = Linux
uname -v = #27~20.04.1-Ubuntu SMP Mon Oct 17 02:03:50 UTC 2022

/usr/bin/uname -p = x86_64
/bin/uname -X     = unknown

/bin/arch              = x86_64
/usr/bin/arch -k       = unknown
/usr/convex/getsysinfo = unknown
/usr/bin/hostinfo      = unknown
/bin/machine           = unknown
/usr/bin/oslevel       = unknown
/bin/universe          = unknown

PATH: /home/runner/.local/bin
PATH: /opt/pipx_bin
PATH: /home/runner/.cargo/bin
PATH: /home/runner/.config/composer/vendor/bin
PATH: /usr/local/.ghcup/bin
PATH: /home/runner/.dotnet/tools
PATH: /snap/bin
PATH: /usr/local/sbin
PATH: /usr/local/bin
PATH: /usr/sbin
PATH: /usr/bin
PATH: /sbin
PATH: /bin
PATH: /usr/games
PATH: /usr/local/games
PATH: /snap/bin


## ----------- ##
## Core tests. ##
## ----------- ##

configure:1933: checking for a BSD-compatible install
configure:2001: result: /usr/bin/install -c
configure:2012: checking whether build environment is sane
configure:2067: result: yes
configure:2216: checking for a thread-safe mkdir -p
configure:2255: result: /usr/bin/mkdir -p
configure:2262: checking for gawk
configure:2278: found /usr/bin/gawk
configure:2289: result: gawk
configure:2300: checking whether make sets $(MAKE)
configure:2322: result: yes
configure:2351: checking whether make supports nested variables
configure:2368: result: yes
configure:2457: checking whether UID '1001' is supported by ustar format
configure:2460: result: yes
configure:2467: checking whether GID '121' is supported by ustar format
configure:2470: result: yes
configure:2478: checking how to create a ustar tar archive
configure:2489: tar --version
tar (GNU tar) 1.30
Copyright (C) 2017 Free Software Foundation, Inc.
License GPLv3+: GNU GPL version 3 or later <https://gnu.org/licenses/gpl.html>.
This is free software: you are free to change and redistribute it.
There is NO WARRANTY, to the extent permitted by law.

Written by John Gilmore and Jay Fenlason.
configure:2492: $? = 0
configure:2532: tardir=conftest.dir && eval tar --format=ustar -chf - "$tardir" >conftest.tar
configure:2535: $? = 0
configure:2539: tar -xf - <conftest.tar
configure:2542: $? = 0
configure:2544: cat conftest.dir/file
GrepMe
configure:2547: $? = 0
configure:2560: result: gnutar
configure:2629: checking build system type
configure:2643: result: x86_64-pc-linux-gnu
configure:2663: checking host system type
configure:2676: result: x86_64-pc-linux-gnu
configure:3349: checking that generated files are newer than configure
configure:3355: result: done
configure:3363: creating ./config.status

## ---------------------- ##
## Running config.status. ##
## ---------------------- ##

This file was extended by gettext config.status 0.20.1, which was
generated by GNU Autoconf 2.69.  Invocation command line was

  CONFIG_FILES    = 
  CONFIG_HEADERS  = 
  CONFIG_LINKS    = 
  CONFIG_COMMANDS = 
  $ ./config.status 

on fv-az275-816

config.status:761: creating Makefile
config.status:761: creating gnulib-local/Makefile
configure:4449: === configuring in gettext-runtime (/home/runner/work/renovate-i18n/renovate-i18n/gettext-0.20.1/gettext-runtime)
configure:4512: running /bin/bash ./configure --disable-option-checking '--prefix=/tmp/gettext'  --cache-file=/dev/null --srcdir=.
configure:4449: === configuring in libtextstyle (/home/runner/work/renovate-i18n/renovate-i18n/gettext-0.20.1/libtextstyle)
configure:4512: running /bin/bash ./configure --disable-option-checking '--prefix=/tmp/gettext'  --cache-file=/dev/null --srcdir=.
configure:4449: === configuring in gettext-tools (/home/runner/work/renovate-i18n/renovate-i18n/gettext-0.20.1/gettext-tools)
configure:4512: running /bin/bash ./configure --disable-option-checking '--prefix=/tmp/gettext'  --cache-file=/dev/null --srcdir=.

## ---------------- ##
## Cache variables. ##
## ---------------- ##

ac_cv_build=x86_64-pc-linux-gnu
ac_cv_env_CC_set=
ac_cv_env_CC_value=
ac_cv_env_CFLAGS_set=
ac_cv_env_CFLAGS_value=
ac_cv_env_CPPFLAGS_set=
ac_cv_env_CPPFLAGS_value=
ac_cv_env_CPP_set=
ac_cv_env_CPP_value=
ac_cv_env_CXXCPP_set=
ac_cv_env_CXXCPP_value=
ac_cv_env_CXXFLAGS_set=
ac_cv_env_CXXFLAGS_value=
ac_cv_env_CXX_set=
ac_cv_env_CXX_value=
ac_cv_env_EMACSLOADPATH_set=
ac_cv_env_EMACSLOADPATH_value=
ac_cv_env_EMACS_set=
ac_cv_env_EMACS_value=
ac_cv_env_LDFLAGS_set=
ac_cv_env_LDFLAGS_value=
ac_cv_env_LIBS_set=
ac_cv_env_LIBS_value=
ac_cv_env_LT_SYS_LIBRARY_PATH_set=
ac_cv_env_LT_SYS_LIBRARY_PATH_value=
ac_cv_env_YACC_set=
ac_cv_env_YACC_value=
ac_cv_env_YFLAGS_set=
ac_cv_env_YFLAGS_value=
ac_cv_env_build_alias_set=
ac_cv_env_build_alias_value=
ac_cv_env_host_alias_set=
ac_cv_env_host_alias_value=
ac_cv_env_target_alias_set=
ac_cv_env_target_alias_value=
ac_cv_host=x86_64-pc-linux-gnu
ac_cv_path_install='/usr/bin/install -c'
ac_cv_path_mkdir=/usr/bin/mkdir
ac_cv_prog_AWK=gawk
ac_cv_prog_make_make_set=yes
am_cv_make_support_nested_variables=yes
am_cv_prog_tar_ustar=gnutar

## ----------------- ##
## Output variables. ##
## ----------------- ##

ACLOCAL='${SHELL} /home/runner/work/renovate-i18n/renovate-i18n/gettext-0.20.1/build-aux/missing aclocal-1.16'
AMTAR='$${TAR-tar}'
AM_BACKSLASH='\'
AM_DEFAULT_V='$(AM_DEFAULT_VERBOSITY)'
AM_DEFAULT_VERBOSITY='1'
AM_V='$(V)'
AUTOCONF='${SHELL} /home/runner/work/renovate-i18n/renovate-i18n/gettext-0.20.1/build-aux/missing autoconf'
AUTOHEADER='${SHELL} /home/runner/work/renovate-i18n/renovate-i18n/gettext-0.20.1/build-aux/missing autoheader'
AUTOMAKE='${SHELL} /home/runner/work/renovate-i18n/renovate-i18n/gettext-0.20.1/build-aux/missing automake-1.16'
AWK='gawk'
CC=''
CFLAGS=''
CPP=''
CPPFLAGS=''
CXX=''
CXXCPP=''
CXXFLAGS=''
CYGPATH_W='echo'
DEFS='-DPACKAGE_NAME=\"gettext\" -DPACKAGE_TARNAME=\"gettext\" -DPACKAGE_VERSION=\"0.20.1\" -DPACKAGE_STRING=\"gettext\ 0.20.1\" -DPACKAGE_BUGREPORT=\"bug-gettext@gnu.org\" -DPACKAGE_URL=\"\" -DPACKAGE=\"gettext\" -DVERSION=\"0.20.1\"'
ECHO_C=''
ECHO_N='-n'
ECHO_T=''
EMACS=''
EMACSLOADPATH=''
INSTALL_DATA='${INSTALL} -m 644'
INSTALL_PROGRAM='${INSTALL}'
INSTALL_SCRIPT='${INSTALL}'
INSTALL_STRIP_PROGRAM='$(install_sh) -c -s'
LDFLAGS=''
LIBOBJS=''
LIBS=''
LTLIBOBJS=''
LT_SYS_LIBRARY_PATH=''
MAKEINFO='${SHELL} /home/runner/work/renovate-i18n/renovate-i18n/gettext-0.20.1/build-aux/missing makeinfo'
MKDIR_P='/usr/bin/mkdir -p'
PACKAGE='gettext'
PACKAGE_BUGREPORT='bug-gettext@gnu.org'
PACKAGE_NAME='gettext'
PACKAGE_STRING='gettext 0.20.1'
PACKAGE_TARNAME='gettext'
PACKAGE_URL=''
PACKAGE_VERSION='0.20.1'
PATH_SEPARATOR=':'
SET_MAKE=''
SHELL='/bin/bash'
STRIP=''
VERSION='0.20.1'
YACC=''
YFLAGS=''
am__isrc=''
am__leading_dot='.'
am__tar='${AMTAR} chf - --format=ustar --owner=root --group=root "$$tardir"'
am__untar='tar -xf -'
bindir='${exec_prefix}/bin'
build='x86_64-pc-linux-gnu'
build_alias=''
build_cpu='x86_64'
build_os='linux-gnu'
build_vendor='pc'
datadir='${datarootdir}'
datarootdir='${prefix}/share'
docdir='${datarootdir}/doc/${PACKAGE_TARNAME}'
dvidir='${docdir}'
exec_prefix='${prefix}'
host='x86_64-pc-linux-gnu'
host_alias=''
host_cpu='x86_64'
host_os='linux-gnu'
host_vendor='pc'
htmldir='${docdir}'
includedir='${prefix}/include'
infodir='${datarootdir}/info'
install_sh='${SHELL} /home/runner/work/renovate-i18n/renovate-i18n/gettext-0.20.1/build-aux/install-sh'
libdir='${exec_prefix}/lib'
libexecdir='${exec_prefix}/libexec'
localedir='${datarootdir}/locale'
localstatedir='${prefix}/var'
mandir='${datarootdir}/man'
mkdir_p='$(MKDIR_P)'
oldincludedir='/usr/include'
pdfdir='${docdir}'
prefix='/tmp/gettext'
program_transform_name='s,x,x,'
psdir='${docdir}'
sbindir='${exec_prefix}/sbin'
sharedstatedir='${prefix}/com'
subdirs=' gettext-runtime libtextstyle gettext-tools'
sysconfdir='${prefix}/etc'
target_alias=''

## ----------- ##
## confdefs.h. ##
## ----------- ##

/* confdefs.h */
#define PACKAGE_NAME "gettext"
#define PACKAGE_TARNAME "gettext"
#define PACKAGE_VERSION "0.20.1"
#define PACKAGE_STRING "gettext 0.20.1"
#define PACKAGE_BUGREPORT "bug-gettext@gnu.org"
#define PACKAGE_URL ""
#define PACKAGE "gettext"
#define VERSION "0.20.1"

configure: exit 0
