This file contains any messages produced by compilers while
running configure, to aid debugging if configure makes a mistake.

It was created by gettext-examples configure 0.20.1, which was
generated by GNU Autoconf 2.69.  Invocation command line was

  $ ./configure --disable-option-checking --prefix=/tmp/gettext --cache-file=/dev/null --srcdir=.

## --------- ##
## Platform. ##
## --------- ##

hostname = fv-az275-816
uname -m = x86_64
uname -r = 5.15.0-1022-azure
uname -s = Linux
uname -v = #27~20.04.1-Ubuntu SMP Mon Oct 17 02:03:50 UTC 2022

/usr/bin/uname -p = x86_64
/bin/uname -X     = unknown

/bin/arch              = x86_64
/usr/bin/arch -k       = unknown
/usr/convex/getsysinfo = unknown
/usr/bin/hostinfo      = unknown
/bin/machine           = unknown
/usr/bin/oslevel       = unknown
/bin/universe          = unknown

PATH: /home/runner/.local/bin
PATH: /opt/pipx_bin
PATH: /home/runner/.cargo/bin
PATH: /home/runner/.config/composer/vendor/bin
PATH: /usr/local/.ghcup/bin
PATH: /home/runner/.dotnet/tools
PATH: /snap/bin
PATH: /usr/local/sbin
PATH: /usr/local/bin
PATH: /usr/sbin
PATH: /usr/bin
PATH: /sbin
PATH: /bin
PATH: /usr/games
PATH: /usr/local/games
PATH: /snap/bin


## ----------- ##
## Core tests. ##
## ----------- ##

configure:1766: checking for a BSD-compatible install
configure:1834: result: /usr/bin/install -c
configure:1845: checking whether build environment is sane
configure:1900: result: yes
configure:2049: checking for a thread-safe mkdir -p
configure:2088: result: /usr/bin/mkdir -p
configure:2095: checking for gawk
configure:2111: found /usr/bin/gawk
configure:2122: result: gawk
configure:2133: checking whether make sets $(MAKE)
configure:2155: result: yes
configure:2184: checking whether make supports nested variables
configure:2201: result: yes
configure:2330: checking for a sed that does not truncate output
configure:2394: result: /usr/bin/sed
configure:2400: checking whether NLS is requested
configure:2409: result: yes
configure:2449: checking for msgfmt
configure:2484: result: no
configure:2490: checking for gmsgfmt
configure:2521: result: :
configure:2566: checking for xgettext
configure:2601: result: no
configure:2643: checking for msgmerge
configure:2677: result: no
configure:2847: checking that generated files are newer than configure
configure:2853: result: done
configure:2861: creating ./config.status

## ---------------------- ##
## Running config.status. ##
## ---------------------- ##

This file was extended by gettext-examples config.status 0.20.1, which was
generated by GNU Autoconf 2.69.  Invocation command line was

  CONFIG_FILES    = 
  CONFIG_HEADERS  = 
  CONFIG_LINKS    = 
  CONFIG_COMMANDS = 
  $ ./config.status 

on fv-az275-816

config.status:768: creating Makefile
config.status:768: creating installpaths
config.status:768: creating po/Makefile
config.status:940: executing po-directories commands

## ---------------- ##
## Cache variables. ##
## ---------------- ##

ac_cv_env_build_alias_set=
ac_cv_env_build_alias_value=
ac_cv_env_host_alias_set=
ac_cv_env_host_alias_value=
ac_cv_env_target_alias_set=
ac_cv_env_target_alias_value=
ac_cv_path_GMSGFMT=:
ac_cv_path_MSGFMT=:
ac_cv_path_MSGMERGE=:
ac_cv_path_SED=/usr/bin/sed
ac_cv_path_XGETTEXT=:
ac_cv_path_install='/usr/bin/install -c'
ac_cv_path_mkdir=/usr/bin/mkdir
ac_cv_prog_AWK=gawk
ac_cv_prog_make_make_set=yes
am_cv_make_support_nested_variables=yes

## ----------------- ##
## Output variables. ##
## ----------------- ##

ACLOCAL='${SHELL} /home/runner/work/renovate-i18n/renovate-i18n/gettext-0.20.1/build-aux/missing aclocal-1.16'
AMTAR='$${TAR-tar}'
AM_BACKSLASH='\'
AM_DEFAULT_V='$(AM_DEFAULT_VERBOSITY)'
AM_DEFAULT_VERBOSITY='1'
AM_V='$(V)'
AUTOCONF='${SHELL} /home/runner/work/renovate-i18n/renovate-i18n/gettext-0.20.1/build-aux/missing autoconf'
AUTOHEADER='${SHELL} /home/runner/work/renovate-i18n/renovate-i18n/gettext-0.20.1/build-aux/missing autoheader'
AUTOMAKE='${SHELL} /home/runner/work/renovate-i18n/renovate-i18n/gettext-0.20.1/build-aux/missing automake-1.16'
AWK='gawk'
CYGPATH_W='echo'
DEFS='-DPACKAGE_NAME=\"gettext-examples\" -DPACKAGE_TARNAME=\"gettext-examples\" -DPACKAGE_VERSION=\"0.20.1\" -DPACKAGE_STRING=\"gettext-examples\ 0.20.1\" -DPACKAGE_BUGREPORT=\"bug-gettext@gnu.org\" -DPACKAGE_URL=\"\" -DPACKAGE=\"gettext-examples\" -DVERSION=\"0.20.1\"'
ECHO_C=''
ECHO_N='-n'
ECHO_T=''
GETTEXT_MACRO_VERSION='0.20'
GMSGFMT=':'
GMSGFMT_015=':'
INSTALL_DATA='${INSTALL} -m 644'
INSTALL_PROGRAM='${INSTALL}'
INSTALL_SCRIPT='${INSTALL}'
INSTALL_STRIP_PROGRAM='$(install_sh) -c -s'
LIBOBJS=''
LIBS=''
LTLIBOBJS=''
MAKEINFO='${SHELL} /home/runner/work/renovate-i18n/renovate-i18n/gettext-0.20.1/build-aux/missing makeinfo'
MKDIR_P='/usr/bin/mkdir -p'
MSGFMT=':'
MSGMERGE=':'
MSGMERGE_FOR_MSGFMT_OPTION='--no-location --quiet'
PACKAGE='gettext-examples'
PACKAGE_BUGREPORT='bug-gettext@gnu.org'
PACKAGE_NAME='gettext-examples'
PACKAGE_STRING='gettext-examples 0.20.1'
PACKAGE_TARNAME='gettext-examples'
PACKAGE_URL=''
PACKAGE_VERSION='0.20.1'
PATH_SEPARATOR=':'
SED='/usr/bin/sed'
SET_MAKE=''
SHELL='/bin/bash'
STRIP=''
USE_NLS='yes'
VERSION='0.20.1'
XGETTEXT=':'
XGETTEXT_015=':'
XGETTEXT_EXTRA_OPTIONS=''
aclocaldir='${datadir}/aclocal'
am__isrc=''
am__leading_dot='.'
am__tar='$${TAR-tar} chof - "$$tardir"'
am__untar='$${TAR-tar} xf -'
bindir='${exec_prefix}/bin'
build_alias=''
datadir='${datarootdir}'
datarootdir='${prefix}/share'
docdir='${datarootdir}/doc/gettext'
dvidir='${docdir}'
exec_prefix='${prefix}'
host_alias=''
htmldir='${docdir}'
includedir='${prefix}/include'
infodir='${datarootdir}/info'
install_sh='${SHELL} /home/runner/work/renovate-i18n/renovate-i18n/gettext-0.20.1/build-aux/install-sh'
libdir='${exec_prefix}/lib'
libexecdir='${exec_prefix}/libexec'
localedir='${datarootdir}/locale'
localstatedir='${prefix}/var'
mandir='${datarootdir}/man'
mkdir_p='$(MKDIR_P)'
oldincludedir='/usr/include'
pdfdir='${docdir}'
prefix='/tmp/gettext'
program_transform_name='s,x,x,'
psdir='${docdir}'
sbindir='${exec_prefix}/sbin'
sharedstatedir='${prefix}/com'
sysconfdir='${prefix}/etc'
target_alias=''

## ----------- ##
## confdefs.h. ##
## ----------- ##

/* confdefs.h */
#define PACKAGE_NAME "gettext-examples"
#define PACKAGE_TARNAME "gettext-examples"
#define PACKAGE_VERSION "0.20.1"
#define PACKAGE_STRING "gettext-examples 0.20.1"
#define PACKAGE_BUGREPORT "bug-gettext@gnu.org"
#define PACKAGE_URL ""
#define PACKAGE "gettext-examples"
#define VERSION "0.20.1"

configure: exit 0
